[debug] [2019-12-10T10:19:07.828Z] ----------------------------------------------------------------------
[debug] [2019-12-10T10:19:07.831Z] Command:       C:\Program Files\nodejs\node.exe C:\Users\Vinay Nair\AppData\Roaming\npm\node_modules\firebase-tools\lib\bin\firebase.js serve
[debug] [2019-12-10T10:19:07.831Z] CLI Version:   7.9.0
[debug] [2019-12-10T10:19:07.831Z] Platform:      win32
[debug] [2019-12-10T10:19:07.831Z] Node Version:  v12.13.1
[debug] [2019-12-10T10:19:07.832Z] Time:          Tue Dec 10 2019 15:49:07 GMT+0530 (India Standard Time)
[debug] [2019-12-10T10:19:07.832Z] ----------------------------------------------------------------------
[debug] [2019-12-10T10:19:07.832Z] 
[debug] [2019-12-10T10:19:07.845Z] > command requires scopes: ["email","openid","https://www.googleapis.com/auth/cloudplatformprojects.readonly","https://www.googleapis.com/auth/firebase","https://www.googleapis.com/auth/cloud-platform"]
[debug] [2019-12-10T10:19:07.847Z] > authorizing via signed-in user
[debug] [2019-12-10T10:19:07.847Z] [iam] checking project myways-mnsval for permissions ["firebase.projects.get"]
[debug] [2019-12-10T10:19:07.849Z] >>> HTTP REQUEST POST https://cloudresourcemanager.googleapis.com/v1/projects/myways-mnsval:testIamPermissions  

[debug] [2019-12-10T10:19:10.613Z] <<< HTTP RESPONSE 200
[debug] [2019-12-10T10:19:10.619Z] >>> HTTP REQUEST GET https://firebase.googleapis.com/v1beta1/projects/myways-mnsval  
 
[debug] [2019-12-10T10:19:11.110Z] <<< HTTP RESPONSE 200
[info] 
[info] === Serving from 'C:\test\myways'...
[info] 
[warn] !  Your requested "node" version "8" doesn't match your global version "12"
[info] +  functions: Emulator started at http://localhost:5000
[info] i  functions: Watching "C:\test\myways\functions" for Cloud Functions...
[debug] [2019-12-10T10:19:13.767Z] [worker-~diagnostic~-01e8859b-603d-4dfa-91db-cd8d53b9f778]: Assigning socketPath: \\?\pipe\C:\test\myways\functions\14456
[debug] [2019-12-10T10:19:13.768Z] [worker-~diagnostic~-01e8859b-603d-4dfa-91db-cd8d53b9f778]: BUSY
[debug] [2019-12-10T10:19:14.365Z] [runtime-status] [14456] Functions runtime initialized. {"cwd":"C:\\test\\myways\\functions","node_version":"12.13.1"}
[debug] [2019-12-10T10:19:14.366Z] [runtime-status] [14456] Disabled runtime features: {"functions_config_helper":true,"network_filtering":true,"timeout":true,"memory_limiting":true,"admin_stubs":true,"pubsub_emulator":true}
[debug] [2019-12-10T10:19:14.369Z] [runtime-status] [14456] Resolved module firebase-admin {"declared":true,"installed":true,"version":"8.8.0","resolution":"C:\\test\\myways\\functions\\node_modules\\firebase-admin\\lib\\index.js"}
[debug] [2019-12-10T10:19:14.371Z] [runtime-status] [14456] Resolved module firebase-functions {"declared":true,"installed":true,"version":"3.3.0","resolution":"C:\\test\\myways\\functions\\node_modules\\firebase-functions\\lib\\index.js"}
[debug] [2019-12-10T10:19:14.372Z] [runtime-status] [14456] Resolved module firebase-functions {"declared":true,"installed":true,"version":"3.3.0","resolution":"C:\\test\\myways\\functions\\node_modules\\firebase-functions\\lib\\index.js"}
[info] +  functions[api]: http function initialized (http://localhost:5000/myways-mnsval/asia-east2/api).
[info] >  (node:14456) DeprecationWarning: current URL string parser is deprecated, and will be removed in a future version. To use the new parser, pass option { useNewUrlParser: true } to MongoClient.connect.
[info] >  Server running on port:5000
[debug] [2019-12-10T10:19:15.551Z] [worker-~diagnostic~-01e8859b-603d-4dfa-91db-cd8d53b9f778]: exited
[debug] [2019-12-10T10:19:15.551Z] [worker-~diagnostic~-01e8859b-603d-4dfa-91db-cd8d53b9f778]: FINISHED
