[debug] [2019-12-13T11:32:28.863Z] ----------------------------------------------------------------------
[debug] [2019-12-13T11:32:28.866Z] Command:       C:\Program Files\nodejs\node.exe C:\Users\Vinay Nair\AppData\Roaming\npm\node_modules\firebase-tools\lib\bin\firebase.js init
[debug] [2019-12-13T11:32:28.866Z] CLI Version:   7.9.0
[debug] [2019-12-13T11:32:28.866Z] Platform:      win32
[debug] [2019-12-13T11:32:28.866Z] Node Version:  v12.13.1
[debug] [2019-12-13T11:32:28.867Z] Time:          Fri Dec 13 2019 17:02:28 GMT+0530 (India Standard Time)
[debug] [2019-12-13T11:32:28.867Z] ----------------------------------------------------------------------
[debug] [2019-12-13T11:32:28.867Z] 
[debug] [2019-12-13T11:32:28.890Z] > command requires scopes: ["email","openid","https://www.googleapis.com/auth/cloudplatformprojects.readonly","https://www.googleapis.com/auth/firebase","https://www.googleapis.com/auth/cloud-platform"]
[debug] [2019-12-13T11:32:28.892Z] > authorizing via signed-in user
[info] 
     ######## #### ########  ######## ########     ###     ######  ########
     ##        ##  ##     ## ##       ##     ##  ##   ##  ##       ##
     ######    ##  ########  ######   ########  #########  ######  ######
     ##        ##  ##    ##  ##       ##     ## ##     ##       ## ##
     ##       #### ##     ## ######## ########  ##     ##  ######  ########

You're about to initialize a Firebase project in this directory:

  C:\test\myways

Before we get started, keep in mind:

  * You are currently outside your home directory
  * You are initializing in an existing Firebase project directory

[debug] [2019-12-13T11:54:20.322Z] ----------------------------------------------------------------------
[debug] [2019-12-13T11:54:20.324Z] Command:       C:\Program Files\nodejs\node.exe C:\Users\Vinay Nair\AppData\Roaming\npm\node_modules\firebase-tools\lib\bin\firebase.js init
[debug] [2019-12-13T11:54:20.324Z] CLI Version:   7.9.0
[debug] [2019-12-13T11:54:20.324Z] Platform:      win32
[debug] [2019-12-13T11:54:20.325Z] Node Version:  v12.13.1
[debug] [2019-12-13T11:54:20.325Z] Time:          Fri Dec 13 2019 17:24:20 GMT+0530 (India Standard Time)
[debug] [2019-12-13T11:54:20.326Z] ----------------------------------------------------------------------
[debug] [2019-12-13T11:54:20.326Z] 
[debug] [2019-12-13T11:54:20.336Z] > command requires scopes: ["email","openid","https://www.googleapis.com/auth/cloudplatformprojects.readonly","https://www.googleapis.com/auth/firebase","https://www.googleapis.com/auth/cloud-platform"]
[debug] [2019-12-13T11:54:20.338Z] > authorizing via signed-in user
[info] 
     ######## #### ########  ######## ########     ###     ######  ########
     ##        ##  ##     ## ##       ##     ##  ##   ##  ##       ##
     ######    ##  ########  ######   ########  #########  ######  ######
     ##        ##  ##    ##  ##       ##     ## ##     ##       ## ##
     ##       #### ##     ## ######## ########  ##     ##  ######  ########

You're about to initialize a Firebase project in this directory:

  C:\test\myways

Before we get started, keep in mind:

  * You are currently outside your home directory
  * You are initializing in an existing Firebase project directory

